[debug] ./sv-benchmarks-main/c/signedintegeroverflow-regression/PostfixIncrement.i:         0.25 real         0.33 user         0.91 sys
[debug] ./sv-benchmarks-main/c/signedintegeroverflow-regression/PostfixDecrement.i:         0.25 real         0.40 user         0.78 sys
[debug] ./sv-benchmarks-main/c/signedintegeroverflow-regression/IntegerPromotion-1.i:         0.22 real         0.30 user         0.73 sys
[debug] ./sv-benchmarks-main/c/signedintegeroverflow-regression/AdditionIntMax.i:         0.23 real         0.32 user         0.66 sys
[debug] ./sv-benchmarks-main/c/signedintegeroverflow-regression/PrefixDecrement.i:         0.25 real         0.45 user         0.71 sys
[debug] ./sv-benchmarks-main/c/signedintegeroverflow-regression/UnaryMinus.i:         0.24 real         0.32 user         0.72 sys
[debug] ./sv-benchmarks-main/c/signedintegeroverflow-regression/ConversionToSignedInt.i:         0.21 real         0.36 user         0.67 sys
[debug] ./sv-benchmarks-main/c/signedintegeroverflow-regression/NoConversion.i:         0.25 real         0.40 user         0.71 sys
[debug] ./sv-benchmarks-main/c/signedintegeroverflow-regression/Multiplication-2.i:         0.24 real         0.32 user         0.78 sys
[debug] ./sv-benchmarks-main/c/signedintegeroverflow-regression/PrefixIncrement.i:         0.25 real         0.40 user         0.85 sys
[debug] ./sv-benchmarks-main/c/signedintegeroverflow-regression/NoNegativeIntegerConstant.i:         0.21 real         0.37 user         0.70 sys
[debug] ./sv-benchmarks-main/c/signedintegeroverflow-regression/Multiplication-1.i:         0.29 real         0.42 user         1.32 sys
[debug] ./sv-benchmarks-main/c/signedintegeroverflow-regression/Division-1.i:         0.23 real         0.29 user         0.76 sys
[debug] ./sv-benchmarks-main/c/signedintegeroverflow-regression/AdditionIntMin.i:         0.24 real         0.37 user         0.72 sys
[debug] ./sv-benchmarks-main/c/signedintegeroverflow-regression/UsualArithmeticConversions.i:         0.22 real         0.29 user         0.85 sys
[debug] ./sv-benchmarks-main/c/termination-crafted/Mysore-3.c:         5.24 real         5.35 user         0.74 sys
[debug] ./sv-benchmarks-main/c/termination-crafted/Binary_Search-2.c:         5.50 real         5.68 user         1.06 sys
[debug] ./sv-benchmarks-main/c/termination-crafted/Toulouse-MultiBranchesToLoop-1.c:         0.31 real         0.43 user         0.98 sys
[debug] ./sv-benchmarks-main/c/termination-crafted/Arrays03-ValueRestictsIndex-1.c:         0.24 real         0.35 user         0.83 sys
[debug] ./sv-benchmarks-main/c/termination-crafted/NestedRecursion_1a-1.c:         0.26 real         0.35 user         0.83 sys
[debug] ./sv-benchmarks-main/c/termination-crafted/Cairo_nondet.c:         0.31 real         0.42 user         0.95 sys
[debug] ./sv-benchmarks-main/c/termination-crafted/NestedRecursion_1b.c:         5.46 real         5.53 user         1.07 sys
[debug] ./sv-benchmarks-main/c/termination-crafted/4BitCounterPointer.c:         0.24 real         0.41 user         0.90 sys
[debug] ./sv-benchmarks-main/c/termination-crafted/4NestedWith3Variables-1.c:         1.58 real         1.69 user         1.00 sys
[debug] ./sv-benchmarks-main/c/termination-crafted/aaron2-2.c:         0.30 real         0.39 user         0.99 sys
[debug] ./sv-benchmarks-main/c/termination-crafted/Singapore_plus.c:         0.26 real         0.36 user         0.83 sys
[debug] ./sv-benchmarks-main/c/termination-crafted/NestedRecursion_1c.c:         5.44 real         5.50 user         0.90 sys
[debug] ./sv-benchmarks-main/c/termination-crafted/Arrays01-EquivalentConstantIndices-2.c:         0.24 real         0.39 user         0.97 sys
[debug] ./sv-benchmarks-main/c/termination-crafted/Ackermann-1.c:         0.31 real         0.44 user         0.94 sys
[debug] ./sv-benchmarks-main/c/termination-crafted/NonTermination4.c:         0.26 real         0.33 user         0.99 sys
[debug] ./sv-benchmarks-main/c/termination-crafted/TelAviv-Amir-Minimum.c:         5.80 real         5.84 user         0.90 sys
[debug] ./sv-benchmarks-main/c/termination-crafted/Madrid.c:         5.22 real         5.32 user         0.85 sys
[debug] ./sv-benchmarks-main/c/termination-crafted/Mysore-2.c:         5.35 real         5.45 user         1.12 sys
[debug] ./sv-benchmarks-main/c/termination-crafted/Binary_Search-1.c:         0.26 real         0.33 user         0.78 sys
[debug] ./sv-benchmarks-main/c/termination-crafted/Toulouse-MultiBranchesToLoop-2.c:         5.27 real         5.43 user         0.85 sys
[debug] ./sv-benchmarks-main/c/termination-crafted/Arrays03-ValueRestictsIndex-2.c:         5.64 real         5.72 user         0.84 sys
[debug] ./sv-benchmarks-main/c/termination-crafted/NestedRecursion_1a-2.c:         5.52 real         5.58 user         0.97 sys
[debug] ./sv-benchmarks-main/c/termination-crafted/aaron2-1.c:         5.50 real         5.54 user         0.91 sys
[debug] ./sv-benchmarks-main/c/termination-crafted/4NestedWith3Variables-2.c:         0.30 real         0.44 user         1.07 sys
[debug] ./sv-benchmarks-main/c/termination-crafted/Arrays01-EquivalentConstantIndices-1.c:         5.32 real         5.41 user         0.99 sys
[debug] ./sv-benchmarks-main/c/termination-crafted/Waldkirch.c:         5.28 real         5.36 user         0.85 sys
[debug] ./sv-benchmarks-main/c/termination-crafted/Ackermann-2.c:         5.28 real         5.41 user         0.83 sys
[debug] ./sv-benchmarks-main/c/termination-crafted/Mysore-1.c:         0.28 real         0.41 user         0.88 sys
[debug] ./sv-benchmarks-main/c/termination-crafted/easy2-1.c:         5.33 real         5.41 user         0.88 sys
[debug] ./sv-benchmarks-main/c/termination-crafted/Cairo_step2-1.c:         5.26 real         5.31 user         0.86 sys
[debug] ./sv-benchmarks-main/c/termination-crafted/McCarthy91_Recursion.c:         5.26 real         5.39 user         0.78 sys
[debug] ./sv-benchmarks-main/c/termination-crafted/LexIndexValue-Array-1.c:         8.17 real         7.27 user         1.82 sys
[debug] ./sv-benchmarks-main/c/termination-crafted/easy1.c:         0.23 real         0.46 user         0.69 sys
[debug] ./sv-benchmarks-main/c/termination-crafted/NestedRecursion_1d.c:         5.41 real         5.49 user         0.84 sys
[debug] ./sv-benchmarks-main/c/termination-crafted/Rotation180-2.c:         5.30 real         5.44 user         0.96 sys
[debug] ./sv-benchmarks-main/c/termination-crafted/Parallel.c:         5.27 real         5.33 user         0.82 sys
[debug] ./sv-benchmarks-main/c/termination-crafted/NonTermination2.c:         0.26 real         0.40 user         0.88 sys
[debug] ./sv-benchmarks-main/c/termination-crafted/easy2-2.c:         5.29 real         5.38 user         0.99 sys
[debug] ./sv-benchmarks-main/c/termination-crafted/Cairo_step2-2.c:         5.35 real         5.46 user         1.38 sys
[debug] ./sv-benchmarks-main/c/termination-crafted/LexIndexValue-Array-2.c:         0.23 real         0.35 user         0.84 sys
[debug] ./sv-benchmarks-main/c/termination-crafted/Rotation180-1.c:         5.24 real         5.33 user         0.80 sys
[debug] ./sv-benchmarks-main/c/termination-crafted/Cairo_step2-3.c:         5.24 real         5.34 user         0.88 sys
[debug] ./sv-benchmarks-main/c/termination-crafted/NonTermination1.c:         0.26 real         0.38 user         0.86 sys
[debug] ./sv-benchmarks-main/c/termination-crafted/Pure3Phase-1.c:         5.32 real         5.41 user         0.87 sys
[debug] ./sv-benchmarks-main/c/termination-crafted/aaron3-1.c:         5.34 real         5.42 user         1.04 sys
[debug] ./sv-benchmarks-main/c/termination-crafted/Gothenburg_v2-1.c:         5.49 real         5.57 user         1.07 sys
[debug] ./sv-benchmarks-main/c/termination-crafted/LexIndexValue-Pointer-2.c:         8.40 real         7.41 user         2.00 sys
[debug] ./sv-benchmarks-main/c/termination-crafted/Hanoi_2vars.c:         0.27 real         0.42 user         0.84 sys
[debug] ./sv-benchmarks-main/c/termination-crafted/Singapore_v1.c:         0.26 real         0.36 user         0.89 sys
[debug] ./sv-benchmarks-main/c/termination-crafted/MutualRecursion_1a.c:         5.26 real         5.35 user         0.92 sys
[debug] ./sv-benchmarks-main/c/termination-crafted/LexIndexValue-Pointer-3.c:         8.41 real         7.48 user         1.82 sys
[debug] ./sv-benchmarks-main/c/termination-crafted/NonTermination3-1.c:         5.30 real         5.40 user         0.83 sys
[debug] ./sv-benchmarks-main/c/termination-crafted/Pure3Phase-2.c:         0.30 real         0.40 user         1.07 sys
[debug] ./sv-benchmarks-main/c/termination-crafted/aaron3-2.c:         0.28 real         0.37 user         0.88 sys
[debug] ./sv-benchmarks-main/c/termination-crafted/Gothenburg_v2-2.c:         0.28 real         0.39 user         0.98 sys
[debug] ./sv-benchmarks-main/c/termination-crafted/LexIndexValue-Pointer-1.c:         8.07 real         7.20 user         2.20 sys
[debug] ./sv-benchmarks-main/c/termination-crafted/NonTerminationSimple9.c:         0.27 real         0.47 user         0.74 sys
[debug] ./sv-benchmarks-main/c/termination-crafted/Singapore_v2.c:         0.26 real         0.36 user         0.86 sys
[debug] ./sv-benchmarks-main/c/termination-crafted/MutualRecursion_1b.c:         5.28 real         5.39 user         0.94 sys
[debug] ./sv-benchmarks-main/c/termination-crafted/NonTerminationSimple8.c:         0.31 real         0.47 user         0.95 sys
[debug] ./sv-benchmarks-main/c/termination-crafted/NonTermination3-2.c:         5.72 real         5.83 user         0.96 sys
[debug] ./sv-benchmarks-main/c/termination-crafted/Copenhagen_disj-1.c:         0.28 real         0.40 user         0.78 sys
[debug] ./sv-benchmarks-main/c/termination-crafted/Cairo.c:         5.28 real         5.38 user         0.92 sys
[debug] ./sv-benchmarks-main/c/termination-crafted/Gothenburg-2.c:         0.33 real         0.49 user         1.06 sys
[debug] ./sv-benchmarks-main/c/termination-crafted/Copenhagen_disj-2.c:         5.32 real         5.40 user         1.12 sys
[debug] ./sv-benchmarks-main/c/termination-crafted/Hanoi_3vars.c:         0.27 real         0.39 user         0.92 sys
[debug] ./sv-benchmarks-main/c/termination-crafted/Gothenburg-1.c:         5.35 real         5.45 user         0.95 sys
[debug] ./sv-benchmarks-main/c/termination-crafted/MenloPark.c:         5.26 real         5.40 user         0.79 sys
[debug] ./sv-benchmarks-main/c/termination-crafted/Thun-2.c:         2.32 real         2.44 user         0.88 sys
[debug] ./sv-benchmarks-main/c/termination-crafted/NonTerminationSimple3.c:         0.27 real         0.36 user         0.83 sys
[debug] ./sv-benchmarks-main/c/termination-crafted/NonTerminationSimple2.c:         0.26 real         0.42 user         0.74 sys
[debug] ./sv-benchmarks-main/c/termination-crafted/Stockholm-1.c:         5.40 real         5.51 user         0.85 sys
[debug] ./sv-benchmarks-main/c/termination-crafted/Thun-1.c:         0.28 real         0.38 user         1.00 sys
[debug] ./sv-benchmarks-main/c/termination-crafted/Piecewise.c:         5.30 real         5.39 user         0.87 sys
[debug] ./sv-benchmarks-main/c/termination-crafted/Arrays02-EquivalentConstantIndices.c:         5.25 real         5.35 user         0.80 sys
[debug] ./sv-benchmarks-main/c/termination-crafted/Hanoi_plus.c:         0.26 real         0.35 user         0.79 sys
[debug] ./sv-benchmarks-main/c/termination-crafted/Stockholm-2.c:         0.27 real         0.38 user         0.80 sys
[debug] ./sv-benchmarks-main/c/termination-crafted/Copenhagen.c:         5.33 real         5.44 user         0.97 sys
[debug] ./sv-benchmarks-main/c/termination-crafted/Lobnya-Boolean-Reordered-2.c:         5.30 real         5.43 user         1.02 sys
[debug] ./sv-benchmarks-main/c/termination-crafted/NonTerminationSimple5.c:         0.33 real         0.42 user         0.87 sys
[debug] ./sv-benchmarks-main/c/termination-crafted/SyntaxSupportPointer01-2.c:         5.37 real         5.48 user         1.19 sys
[debug] ./sv-benchmarks-main/c/termination-crafted/Benghazi.c:         5.32 real         5.38 user         1.01 sys
[debug] ./sv-benchmarks-main/c/termination-crafted/SyntaxSupportPointer01-3.c:         0.28 real         0.47 user         1.16 sys
[debug] ./sv-benchmarks-main/c/termination-crafted/2Nested-1.c:         5.33 real         5.52 user         0.76 sys
[debug] ./sv-benchmarks-main/c/termination-crafted/NonTerminationSimple4.c:         5.29 real         5.45 user         1.04 sys
[debug] ./sv-benchmarks-main/c/termination-crafted/Toulouse-BranchesToLoop-1.c:         0.28 real         0.37 user         0.89 sys
[debug] ./sv-benchmarks-main/c/termination-crafted/WhileTrue.c:         5.21 real         5.37 user         0.64 sys
[debug] ./sv-benchmarks-main/c/termination-crafted/Lobnya-Boolean-Reordered-1.c:         0.28 real         0.46 user         0.81 sys
[debug] ./sv-benchmarks-main/c/termination-crafted/NonTerminationSimple6.c:         0.28 real         0.40 user         1.01 sys
[debug] ./sv-benchmarks-main/c/termination-crafted/SyntaxSupportPointer01-1.c:         5.29 real         5.36 user         0.94 sys
[debug] ./sv-benchmarks-main/c/termination-crafted/2Nested-2.c:         0.26 real         0.38 user         0.80 sys
[debug] ./sv-benchmarks-main/c/termination-crafted/NonTerminationSimple7.c:         5.35 real         5.46 user         1.11 sys
[debug] ./sv-benchmarks-main/c/termination-crafted/Toulouse-BranchesToLoop-2.c:         5.29 real         5.39 user         0.89 sys
[debug] ./sv-benchmarks-main/c/termination-crafted/RecursiveMultiplication-2.c:         0.41 real         0.52 user         0.79 sys
[debug] ./sv-benchmarks-main/c/termination-crafted/Nyala-2lex-1.c:         0.22 real         0.36 user         0.76 sys
[debug] ./sv-benchmarks-main/c/termination-crafted/McCarthy91_Iteration.c:         5.27 real         5.36 user         0.89 sys
[debug] ./sv-benchmarks-main/c/termination-crafted/RecursiveMultiplication-1.c:         5.29 real         5.42 user         0.85 sys
[debug] ./sv-benchmarks-main/c/termination-crafted/Bangalore_v2.c:         5.35 real         5.41 user         1.10 sys
[debug] ./sv-benchmarks-main/c/termination-crafted/Nyala-2lex-2.c:         7.78 real         6.78 user         1.86 sys
[debug] ./sv-benchmarks-main/c/termination-crafted/Bangalore_v3.c:         0.32 real         0.43 user         1.11 sys
[debug] ./sv-benchmarks-main/c/termination-crafted/RecursiveNonterminating-2.c:         0.38 real         0.37 user         0.91 sys
[debug] ./sv-benchmarks-main/c/termination-crafted/Collatz_bounded.c:         5.30 real         5.34 user         1.00 sys
[debug] ./sv-benchmarks-main/c/termination-crafted/Singapore-1.c:         0.27 real         0.45 user         0.73 sys
[debug] ./sv-benchmarks-main/c/termination-crafted/Pure2Phase-1.c:         5.27 real         5.30 user         0.92 sys
[debug] ./sv-benchmarks-main/c/termination-crafted/WhileFalse.c:         0.31 real         0.42 user         1.36 sys
[debug] ./sv-benchmarks-main/c/termination-crafted/Bangalore-1.c:         0.36 real         0.45 user         1.14 sys
[debug] ./sv-benchmarks-main/c/termination-crafted/NestedRecursion_2a.c:         0.37 real         0.42 user         1.17 sys
[debug] ./sv-benchmarks-main/c/termination-crafted/Benghazi_nondet-1.c:         0.33 real         0.40 user         0.97 sys
[debug] ./sv-benchmarks-main/c/termination-crafted/RecursiveNonterminating-1.c:         5.37 real         5.55 user         1.16 sys
[debug] ./sv-benchmarks-main/c/termination-crafted/Division-2.c:         5.38 real         5.53 user         0.73 sys
[debug] ./sv-benchmarks-main/c/termination-crafted/Bangalore_v4.c:         0.27 real         0.39 user         0.84 sys
[debug] ./sv-benchmarks-main/c/termination-crafted/Singapore-2.c:         5.73 real         5.85 user         1.05 sys
[debug] ./sv-benchmarks-main/c/termination-crafted/Pure2Phase-2.c:         0.27 real         0.36 user         0.83 sys
[debug] ./sv-benchmarks-main/c/termination-crafted/Bangalore-2.c:         5.43 real         5.53 user         0.95 sys
[debug] ./sv-benchmarks-main/c/termination-crafted/NestedRecursion_2b.c:         6.21 real         6.22 user         0.95 sys
[debug] ./sv-benchmarks-main/c/termination-crafted/Benghazi_nondet-2.c:         5.48 real         5.56 user         1.06 sys
[debug] ./sv-benchmarks-main/c/termination-crafted/NestedRecursion_2c.c:         5.83 real         5.97 user         0.82 sys
[debug] ./sv-benchmarks-main/c/termination-crafted/Collatz.c:         0.33 real         0.42 user         1.18 sys
[debug] ./sv-benchmarks-main/c/termination-crafted-lit/ChawdharyCookGulwaniSagivYang-ESOP2008-aaron4.c:         0.32 real         0.45 user         0.96 sys
[debug] ./sv-benchmarks-main/c/termination-crafted-lit/Urban-WST2013-Fig2-modified1000.c:         5.30 real         5.41 user         0.88 sys
[debug] ./sv-benchmarks-main/c/termination-crafted-lit/LeikeHeizmann-TACAS2014-Ex1.c:         5.40 real         5.46 user         0.77 sys
[debug] ./sv-benchmarks-main/c/termination-crafted-lit/KroeningSharyginaTsitovichWintersteiger-CAV2010-Ex.c:         5.36 real         5.38 user         1.19 sys
[debug] ./sv-benchmarks-main/c/termination-crafted-lit/ChawdharyCookGulwaniSagivYang-ESOP2008-random2d.c:        17.91 real         9.67 user         6.94 sys
[debug] ./sv-benchmarks-main/c/termination-crafted-lit/LeikeHeizmann-TACAS2014-Fig1.c:         0.30 real         0.44 user         0.99 sys
[debug] ./sv-benchmarks-main/c/termination-crafted-lit/min_rf.c:         0.31 real         0.47 user         0.78 sys
[debug] ./sv-benchmarks-main/c/termination-crafted-lit/LeeJonesBen-Amram-POPL2001-Ex1.c:         0.30 real         0.44 user         0.99 sys
[debug] ./sv-benchmarks-main/c/termination-crafted-lit/ChenCookFuhsNimkarOHearn-TACAS2014-Introduction.c:         5.34 real         5.44 user         1.08 sys
[debug] ./sv-benchmarks-main/c/termination-crafted-lit/HenzingerJhalaMajumdarSutre-POPL2002-LockingExample.c:         5.57 real         5.52 user         1.11 sys
[debug] ./sv-benchmarks-main/c/termination-crafted-lit/HeizmannHoenickeLeikePodelski-ATVA2013-Fig9.c:         0.31 real         0.45 user         1.25 sys
[debug] ./sv-benchmarks-main/c/termination-crafted-lit/ChenFlurMukhopadhyay-SAS2012-Ex2.18.c:         0.28 real         0.40 user         0.89 sys
[debug] ./sv-benchmarks-main/c/termination-crafted-lit/LeeJonesBen-Amram-POPL2001-Ex3.c:         0.29 real         0.39 user         0.92 sys
[debug] ./sv-benchmarks-main/c/termination-crafted-lit/ColonSipma-TACAS2001-Fig1.c:         0.32 real         0.40 user         1.12 sys
[debug] ./sv-benchmarks-main/c/termination-crafted-lit/BradleyMannaSipma-CAV2005-Fig1.c:         5.39 real         5.51 user         0.96 sys
[debug] ./sv-benchmarks-main/c/termination-crafted-lit/PodelskiRybalchenko-LICS2004-Fig2-TACAS2011-Fig3.c:         0.30 real         0.40 user         0.79 sys
[debug] ./sv-benchmarks-main/c/termination-crafted-lit/Masse-VMCAI2014-Ex6.c:         0.30 real         0.37 user         1.02 sys
[debug] ./sv-benchmarks-main/c/termination-crafted-lit/ChenFlurMukhopadhyay-SAS2012-Fig1.c:         0.28 real         0.38 user         0.94 sys
[debug] ./sv-benchmarks-main/c/termination-crafted-lit/ChawdharyCookGulwaniSagivYang-ESOP2008-aaron6.c:         0.28 real         0.44 user         0.84 sys
[debug] ./sv-benchmarks-main/c/termination-crafted-lit/LeeJonesBen-Amram-POPL2001-Ex2.c:         0.35 real         0.52 user         1.00 sys
[debug] ./sv-benchmarks-main/c/termination-crafted-lit/ChenFlurMukhopadhyay-SAS2012-Ex2.19.c:         0.29 real         0.40 user         0.91 sys
[debug] ./sv-benchmarks-main/c/termination-crafted-lit/HeizmannHoenickeLeikePodelski-ATVA2013-Fig8.c:         0.29 real         0.49 user         0.79 sys
[debug] ./sv-benchmarks-main/c/termination-crafted-lit/cstrcspn.c:         0.35 real         0.48 user         1.01 sys
[debug] ./sv-benchmarks-main/c/termination-crafted-lit/Avery-FLOPS2006-Table1.c:         5.36 real         5.42 user         1.29 sys
[debug] ./sv-benchmarks-main/c/termination-crafted-lit/NoriSharma-FSE2013-Fig7.c:         0.32 real         0.40 user         1.03 sys
[debug] ./sv-benchmarks-main/c/termination-crafted-lit/ChenFlurMukhopadhyay-SAS2012-Ex2.21.c:         0.36 real         0.45 user         1.31 sys
[debug] ./sv-benchmarks-main/c/termination-crafted-lit/ChawdharyCookGulwaniSagivYang-ESOP2008-aaron2.c:         0.32 real         0.47 user         0.89 sys
[debug] ./sv-benchmarks-main/c/termination-crafted-lit/ChenFlurMukhopadhyay-SAS2012-Ex2.09.c:         0.29 real         0.36 user         0.73 sys
[debug] ./sv-benchmarks-main/c/termination-crafted-lit/LeeJonesBen-Amram-POPL2001-Ex6.c:         0.33 real         0.42 user         1.06 sys
[debug] ./sv-benchmarks-main/c/termination-crafted-lit/LeikeHeizmann-TACAS2014-Ex7.c:         0.33 real         0.43 user         1.04 sys
[debug] ./sv-benchmarks-main/c/termination-crafted-lit/AliasDarteFeautrierGonnord-SAS2010-random1d-1.c:         9.46 real         7.00 user         3.18 sys
[debug] ./sv-benchmarks-main/c/termination-crafted-lit/LeikeHeizmann-WST2014-Ex6.c:         0.31 real         0.44 user         1.00 sys
[debug] ./sv-benchmarks-main/c/termination-crafted-lit/HarrisLalNoriRajamani-SAS2010-Fig1.c:         6.33 real         5.77 user         1.35 sys
[debug] ./sv-benchmarks-main/c/termination-crafted-lit/cstrcmp.c:         0.33 real         0.40 user         1.02 sys
[debug] ./sv-benchmarks-main/c/termination-crafted-lit/BradleyMannaSipma-CAV2005-Fig1-modified.c:         5.39 real         5.55 user         0.94 sys
[debug] ./sv-benchmarks-main/c/termination-crafted-lit/aviad.c:         5.29 real         5.43 user         0.83 sys
[debug] ./sv-benchmarks-main/c/termination-crafted-lit/ChenFlurMukhopadhyay-SAS2012-Ex2.08.c:         0.30 real         0.45 user         0.96 sys
[debug] ./sv-benchmarks-main/c/termination-crafted-lit/ChawdharyCookGulwaniSagivYang-ESOP2008-aaron3.c:         0.30 real         0.42 user         0.95 sys
[debug] ./sv-benchmarks-main/c/termination-crafted-lit/ChenFlurMukhopadhyay-SAS2012-Ex2.20.c:         5.70 real         5.87 user         0.92 sys
[debug] ./sv-benchmarks-main/c/termination-crafted-lit/ChenFlurMukhopadhyay-SAS2012-Ex2.22.c:         0.34 real         0.41 user         1.07 sys
[debug] ./sv-benchmarks-main/c/termination-crafted-lit/ChawdharyCookGulwaniSagivYang-ESOP2008-aaron1.c:         0.32 real         0.40 user         0.92 sys
[debug] ./sv-benchmarks-main/c/termination-crafted-lit/LeeJonesBen-Amram-POPL2001-Ex5.c:         5.47 real         5.51 user         0.96 sys
[debug] ./sv-benchmarks-main/c/termination-crafted-lit/Ben-Amram-LMCS2010-Ex2.3.c:         0.31 real         0.40 user         0.94 sys
[debug] ./sv-benchmarks-main/c/termination-crafted-lit/HarrisLalNoriRajamani-SAS2010-Fig3.c:         8.22 real         6.47 user         2.44 sys
[debug] ./sv-benchmarks-main/c/termination-crafted-lit/AliasDarteFeautrierGonnord-SAS2010-random1d-2.c:         9.14 real         6.86 user         2.89 sys
[debug] ./sv-benchmarks-main/c/termination-crafted-lit/LeikeHeizmann-WST2014-Ex5.c:         0.28 real         0.38 user         0.86 sys
[debug] ./sv-benchmarks-main/c/termination-crafted-lit/HarrisLalNoriRajamani-SAS2010-Fig2.c:         0.48 real         0.51 user         1.03 sys
[debug] ./sv-benchmarks-main/c/termination-crafted-lit/strchr-2.c:         0.30 real         0.42 user         0.97 sys
[debug] ./sv-benchmarks-main/c/termination-crafted-lit/LeeJonesBen-Amram-POPL2001-Ex4.c:         5.38 real         5.38 user         0.99 sys
[debug] ./sv-benchmarks-main/c/termination-crafted-lit/ChenFlurMukhopadhyay-SAS2012-Ex1.01.c:         0.29 real         0.36 user         1.03 sys
[debug] ./sv-benchmarks-main/c/termination-crafted-lit/AliasDarteFeautrierGonnord-SAS2010-speedFails4.c:         0.28 real         0.35 user         0.89 sys
[debug] ./sv-benchmarks-main/c/termination-crafted-lit/ChenFlurMukhopadhyay-SAS2012-Ex3.04.c:         0.32 real         0.36 user         0.87 sys
[debug] ./sv-benchmarks-main/c/termination-crafted-lit/ChenFlurMukhopadhyay-SAS2012-Ex3.10.c:         0.31 real         0.49 user         0.91 sys
[debug] ./sv-benchmarks-main/c/termination-crafted-lit/AliasDarteFeautrierGonnord-SAS2010-terminate.c:         0.29 real         0.37 user         0.94 sys
[debug] ./sv-benchmarks-main/c/termination-crafted-lit/ChenFlurMukhopadhyay-SAS2012-Ex3.05.c:         0.28 real         0.38 user         0.92 sys
[debug] ./sv-benchmarks-main/c/termination-crafted-lit/AliasDarteFeautrierGonnord-SAS2010-Fig2a.c:         0.28 real         0.37 user         0.84 sys
[debug] ./sv-benchmarks-main/c/termination-crafted-lit/BrockschmidtCookFuhs-CAV2013-Fig9a.c:         5.29 real         5.35 user         1.10 sys
[debug] ./sv-benchmarks-main/c/termination-crafted-lit/BradleyMannaSipma-ICALP2005-Fig1.c:         0.27 real         0.40 user         0.81 sys
[debug] ./sv-benchmarks-main/c/termination-crafted-lit/AliasDarteFeautrierGonnord-SAS2010-wise.c:         5.30 real         5.45 user         0.95 sys
[debug] ./sv-benchmarks-main/c/termination-crafted-lit/cstrncmp.c:         0.33 real         0.43 user         0.90 sys
[debug] ./sv-benchmarks-main/c/termination-crafted-lit/AliasDarteFeautrierGonnord-SAS2010-easy1.c:         0.23 real         0.31 user         0.81 sys
[debug] ./sv-benchmarks-main/c/termination-crafted-lit/ChenFlurMukhopadhyay-SAS2012-Ex1.02.c:         0.29 real         0.41 user         0.91 sys
[debug] ./sv-benchmarks-main/c/termination-crafted-lit/ChenFlurMukhopadhyay-SAS2012-Ex3.07.c:         0.28 real         0.42 user         0.85 sys
[debug] ./sv-benchmarks-main/c/termination-crafted-lit/ChenFlurMukhopadhyay-SAS2012-Ex3.06.c:         0.27 real         0.35 user         0.83 sys
[debug] ./sv-benchmarks-main/c/termination-crafted-lit/ChawdharyCookGulwaniSagivYang-ESOP2008-aaron12.c:         0.30 real         0.41 user         0.95 sys
[debug] ./sv-benchmarks-main/c/termination-crafted-lit/AliasDarteFeautrierGonnord-SAS2010-Fig2b.c:         0.28 real         0.43 user         0.75 sys
[debug] ./sv-benchmarks-main/c/termination-crafted-lit/GopanReps-CAV2006-Fig1a.c:         0.24 real         0.38 user         0.92 sys
[debug] ./sv-benchmarks-main/c/termination-crafted-lit/GulwaniJainKoskinen-PLDI2009-Fig1.c:         0.32 real         0.42 user         0.93 sys
[debug] ./sv-benchmarks-main/c/termination-crafted-lit/gcd1.c:         5.86 real         5.94 user         0.96 sys
[debug] ./sv-benchmarks-main/c/termination-crafted-lit/ChenFlurMukhopadhyay-SAS2012-Ex1.03.c:         0.31 real         0.40 user         1.19 sys
[debug] ./sv-benchmarks-main/c/termination-crafted-lit/ChenFlurMukhopadhyay-SAS2012-Ex3.02.c:         0.28 real         0.37 user         0.98 sys
[debug] ./sv-benchmarks-main/c/termination-crafted-lit/LarrazOliverasRodriguez-CarbonellRubio-FMCAD2013-Fig1.c:         5.36 real         5.48 user         1.16 sys
[debug] ./sv-benchmarks-main/c/termination-crafted-lit/ChenFlurMukhopadhyay-SAS2012-Ex3.03.c:         0.29 real         0.37 user         0.92 sys
[debug] ./sv-benchmarks-main/c/termination-crafted-lit/AliasDarteFeautrierGonnord-SAS2010-easy2-1.c:         5.30 real         5.37 user         1.03 sys
[debug] ./sv-benchmarks-main/c/termination-crafted-lit/CookSeeZuleger-TACAS2013-Fig7a.c:         5.89 real         5.77 user         1.03 sys
[debug] ./sv-benchmarks-main/c/termination-crafted-lit/AliasDarteFeautrierGonnord-SAS2010-cousot9.c:         5.66 real         5.61 user         0.87 sys
[debug] ./sv-benchmarks-main/c/termination-crafted-lit/AliasDarteFeautrierGonnord-SAS2010-counterex1b.c:         0.44 real         0.58 user         1.31 sys
[debug] ./sv-benchmarks-main/c/termination-crafted-lit/ChenFlurMukhopadhyay-SAS2012-Ex1.04.c:         0.27 real         0.34 user         0.90 sys
[debug] ./sv-benchmarks-main/c/termination-crafted-lit/ChenFlurMukhopadhyay-SAS2012-Ex3.01.c:         5.36 real         5.44 user         0.86 sys
[debug] ./sv-benchmarks-main/c/termination-crafted-lit/AliasDarteFeautrierGonnord-SAS2010-wcet2.c:         5.29 real         5.34 user         1.07 sys
[debug] ./sv-benchmarks-main/c/termination-crafted-lit/AliasDarteFeautrierGonnord-SAS2010-easy2-2.c:         5.30 real         5.38 user         0.94 sys
[debug] ./sv-benchmarks-main/c/termination-crafted-lit/CookSeeZuleger-TACAS2013-Fig7b.c:         8.66 real         7.56 user         2.11 sys
[debug] ./sv-benchmarks-main/c/termination-crafted-lit/BrockschmidtCookFuhs-CAV2013-Fig1.c:         5.25 real         5.31 user         0.81 sys
[debug] ./sv-benchmarks-main/c/termination-crafted-lit/AliasDarteFeautrierGonnord-SAS2010-counterex1a.c:         0.31 real         0.42 user         0.91 sys
[debug] ./sv-benchmarks-main/c/termination-crafted-lit/ChenFlurMukhopadhyay-SAS2012-Ex1.05.c:         0.29 real         0.39 user         0.99 sys
[debug] ./sv-benchmarks-main/c/termination-crafted-lit/PodelskiRybalchenko-LICS2004-Fig1.c:         5.30 real         5.46 user         1.05 sys
[debug] ./sv-benchmarks-main/c/termination-crafted-lit/PodelskiRybalchenko-VMCAI2004-Ex2.c:         0.38 real         0.61 user         0.82 sys
[debug] ./sv-benchmarks-main/c/termination-crafted-lit/CookSeeZuleger-TACAS2013-Fig8a.c:         5.38 real         5.48 user         1.14 sys
[debug] ./sv-benchmarks-main/c/termination-crafted-lit/Urban-WST2013-Fig1.c:         5.25 real         5.41 user         0.81 sys
[debug] ./sv-benchmarks-main/c/termination-crafted-lit/Velroyen.c:         5.26 real         5.35 user         1.00 sys
[debug] ./sv-benchmarks-main/c/termination-crafted-lit/AliasDarteFeautrierGonnord-SAS2010-ndecr.c:         0.32 real         0.46 user         0.93 sys
[debug] ./sv-benchmarks-main/c/termination-crafted-lit/PodelskiRybalchenko-LICS2004-Fig2.c:         0.33 real         0.40 user         0.86 sys
[debug] ./sv-benchmarks-main/c/termination-crafted-lit/AliasDarteFeautrierGonnord-SAS2010-speedpldi4.c:         5.32 real         5.50 user         0.82 sys
[debug] ./sv-benchmarks-main/c/termination-crafted-lit/PodelskiRybalchenko-VMCAI2004-Ex1.c:         0.28 real         0.37 user         0.80 sys
[debug] ./sv-benchmarks-main/c/termination-crafted-lit/CookSeeZuleger-TACAS2013-Fig8b.c:         5.70 real         5.78 user         0.94 sys
[debug] ./sv-benchmarks-main/c/termination-crafted-lit/AliasDarteFeautrierGonnord-SAS2010-Fig1.c:         9.36 real         7.83 user         2.43 sys
[debug] ./sv-benchmarks-main/c/termination-crafted-lit/Urban-WST2013-Fig2.c:         5.35 real         5.48 user         1.02 sys
[debug] ./sv-benchmarks-main/c/termination-crafted-lit/GulavaniGulwani-CAV2008-Fig1a.c:         0.30 real         0.41 user         0.87 sys
[debug] ./sv-benchmarks-main/c/termination-crafted-lit/BrockschmidtCookFuhs-CAV2013-Introduction.c:         5.38 real         5.49 user         1.05 sys
[debug] ./sv-benchmarks-main/c/termination-crafted-lit/CookSeeZuleger-TACAS2013-Fig8a-modified.c:         5.63 real         5.70 user         0.84 sys
[debug] ./sv-benchmarks-main/c/termination-crafted-lit/KroeningSharyginaTsitovichWintersteiger-CAV2010-Fig1.c:         5.30 real         5.35 user         0.91 sys
[debug] ./sv-benchmarks-main/c/termination-crafted-lit/genady.c:         0.32 real         0.43 user         1.09 sys
[debug] ./sv-benchmarks-main/c/termination-crafted-lit/AliasDarteFeautrierGonnord-SAS2010-speedpldi2.c:         5.36 real         5.46 user         1.03 sys
[debug] ./sv-benchmarks-main/c/termination-crafted-lit/GulavaniGulwani-CAV2008-Fig1b.c:         0.34 real         0.50 user         1.04 sys
[debug] ./sv-benchmarks-main/c/termination-crafted-lit/ChenFlurMukhopadhyay-SAS2012-Ex3.08.c:         0.32 real         0.41 user         0.82 sys
[debug] ./sv-benchmarks-main/c/termination-crafted-lit/ChenFlurMukhopadhyay-SAS2012-Ex4.01.c:         0.35 real         0.49 user         1.19 sys
[debug] ./sv-benchmarks-main/c/termination-crafted-lit/ChenFlurMukhopadhyay-SAS2012-Ex3.09.c:         0.33 real         0.48 user         0.98 sys
[debug] ./sv-benchmarks-main/c/termination-crafted-lit/AliasDarteFeautrierGonnord-SAS2010-loops.c:         5.30 real         5.53 user         0.54 sys
[debug] ./sv-benchmarks-main/c/termination-crafted-lit/GulavaniGulwani-CAV2008-Fig1c.c:         0.32 real         0.40 user         1.10 sys
[debug] ./sv-benchmarks-main/c/termination-crafted-lit/CookSeeZuleger-TACAS2013-Fig1.c:         7.55 real         6.69 user         1.77 sys
[debug] ./sv-benchmarks-main/c/termination-crafted-lit/AliasDarteFeautrierGonnord-SAS2010-speedpldi3.c:         5.35 real         5.42 user         1.21 sys
[debug] ./sv-benchmarks-main/c/termination-crafted-lit/joey.c:         0.33 real         0.50 user         0.86 sys
[debug] ./sv-benchmarks-main/c/termination-crafted-lit/NoriSharma-FSE2013-Fig8.c:         0.34 real         0.55 user         0.96 sys
[debug] ./sv-benchmarks-main/c/termination-crafted-lit/AliasDarteFeautrierGonnord-SAS2010-while2.c:         5.38 real         5.49 user         0.64 sys
[debug] ./sv-benchmarks-main/c/termination-crafted-lit/ChenFlurMukhopadhyay-SAS2012-Ex2.12.c:         0.28 real         0.45 user         0.87 sys
[debug] ./sv-benchmarks-main/c/termination-crafted-lit/AliasDarteFeautrierGonnord-SAS2010-complex.c:         0.32 real         0.42 user         1.01 sys
[debug] ./sv-benchmarks-main/c/termination-crafted-lit/ChenFlurMukhopadhyay-SAS2012-Ex2.06.c:         0.28 real         0.38 user         0.99 sys
[debug] ./sv-benchmarks-main/c/termination-crafted-lit/AliasDarteFeautrierGonnord-SAS2010-random2d.c:        17.84 real         9.62 user         6.53 sys
[debug] ./sv-benchmarks-main/c/termination-crafted-lit/LeikeHeizmann-TACAS2014-Ex8.c:         0.29 real         0.41 user         0.87 sys
[debug] ./sv-benchmarks-main/c/termination-crafted-lit/LeikeHeizmann-WST2014-Ex9.c:         0.89 real         0.95 user         1.06 sys
[debug] ./sv-benchmarks-main/c/termination-crafted-lit/Masse-VMCAI2014-Fig1b.c:         0.31 real         0.44 user         1.07 sys
[debug] ./sv-benchmarks-main/c/termination-crafted-lit/LeikeHeizmann-TACAS2014-Ex9.c:         5.27 real         5.39 user         0.84 sys
[debug] ./sv-benchmarks-main/c/termination-crafted-lit/ChawdharyCookGulwaniSagivYang-ESOP2008-easy2.c:         5.32 real         5.41 user         0.83 sys
[debug] ./sv-benchmarks-main/c/termination-crafted-lit/AliasDarteFeautrierGonnord-SAS2010-rsd.c:         0.29 real         0.48 user         0.88 sys
[debug] ./sv-benchmarks-main/c/termination-crafted-lit/ChenFlurMukhopadhyay-SAS2012-Ex2.07.c:         0.29 real         0.48 user         0.76 sys
[debug] ./sv-benchmarks-main/c/termination-crafted-lit/ChenFlurMukhopadhyay-SAS2012-Ex2.13.c:         0.30 real         0.44 user         1.05 sys
[debug] ./sv-benchmarks-main/c/termination-crafted-lit/HeizmannHoenickeLeikePodelski-ATVA2013-Fig2.c:         0.27 real         0.35 user         0.97 sys
[debug] ./sv-benchmarks-main/c/termination-crafted-lit/ChenFlurMukhopadhyay-SAS2012-Ex2.05.c:         0.31 real         0.40 user         1.11 sys
[debug] ./sv-benchmarks-main/c/termination-crafted-lit/cstrlen.c:         0.31 real         0.43 user         1.03 sys
[debug] ./sv-benchmarks-main/c/termination-crafted-lit/ChenFlurMukhopadhyay-SAS2012-Ex2.11.c:         0.28 real         0.43 user         0.97 sys
[debug] ./sv-benchmarks-main/c/termination-crafted-lit/AliasDarteFeautrierGonnord-SAS2010-aaron3.c:         0.28 real         0.37 user         0.83 sys
[debug] ./sv-benchmarks-main/c/termination-crafted-lit/PodelskiRybalchenko-TACAS2011-Fig4.c:         7.52 real         6.72 user         1.67 sys
[debug] ./sv-benchmarks-main/c/termination-crafted-lit/Masse-VMCAI2014-Fig1a.c:         0.27 real         0.37 user         0.76 sys
[debug] ./sv-benchmarks-main/c/termination-crafted-lit/ChawdharyCookGulwaniSagivYang-ESOP2008-easy1.c:         0.26 real         0.35 user         1.05 sys
[debug] ./sv-benchmarks-main/c/termination-crafted-lit/AliasDarteFeautrierGonnord-SAS2010-aaron2.c:         0.36 real         0.50 user         1.47 sys
[debug] ./sv-benchmarks-main/c/termination-crafted-lit/ChenFlurMukhopadhyay-SAS2012-Ex2.10.c:         0.33 real         0.42 user         1.15 sys
[debug] ./sv-benchmarks-main/c/termination-crafted-lit/ChenFlurMukhopadhyay-SAS2012-Ex2.04.c:         0.28 real         0.37 user         0.88 sys
[debug] ./sv-benchmarks-main/c/termination-crafted-lit/HeizmannHoenickeLeikePodelski-ATVA2013-Fig1.c:         5.28 real         5.36 user         0.82 sys
[debug] ./sv-benchmarks-main/c/termination-crafted-lit/HeizmannHoenickeLeikePodelski-ATVA2013-Fig5.c:         5.25 real         5.43 user         0.69 sys
[debug] ./sv-benchmarks-main/c/termination-crafted-lit/ChenFlurMukhopadhyay-SAS2012-Ex2.14.c:         0.28 real         0.38 user         0.82 sys
[debug] ./sv-benchmarks-main/c/termination-crafted-lit/AliasDarteFeautrierGonnord-SAS2010-nestedLoop-2.c:         5.28 real         5.34 user         0.84 sys
[debug] ./sv-benchmarks-main/c/termination-crafted-lit/UrbanMine-ESOP2014-Fig3.c:         6.81 real         6.25 user         1.30 sys
[debug] ./sv-benchmarks-main/c/termination-crafted-lit/cstrspn.c:         0.29 real         0.37 user         0.86 sys
[debug] ./sv-benchmarks-main/c/termination-crafted-lit/PodelskiRybalchenko-TACAS2011-Fig1.c:         5.29 real         5.35 user         0.93 sys
[debug] ./sv-benchmarks-main/c/termination-crafted-lit/ChenFlurMukhopadhyay-SAS2012-Ex2.15.c:         0.32 real         0.41 user         1.02 sys
[debug] ./sv-benchmarks-main/c/termination-crafted-lit/ChenFlurMukhopadhyay-SAS2012-Ex2.01.c:         0.31 real         0.39 user         1.13 sys
[debug] ./sv-benchmarks-main/c/termination-crafted-lit/HeizmannHoenickeLeikePodelski-ATVA2013-Fig4.c:         5.35 real         5.40 user         0.75 sys
[debug] ./sv-benchmarks-main/c/termination-crafted-lit/HeizmannHoenickeLeikePodelski-ATVA2013-Fig6.c:         5.51 real         5.63 user         1.05 sys
[debug] ./sv-benchmarks-main/c/termination-crafted-lit/ChenFlurMukhopadhyay-SAS2012-Ex2.17.c:         0.31 real         0.43 user         1.00 sys
[debug] ./sv-benchmarks-main/c/termination-crafted-lit/ChenFlurMukhopadhyay-SAS2012-Ex2.03.c:         0.35 real         0.50 user         1.30 sys
[debug] ./sv-benchmarks-main/c/termination-crafted-lit/cstrpbrk.c:         0.33 real         0.52 user         0.85 sys
[debug] ./sv-benchmarks-main/c/termination-crafted-lit/AliasDarteFeautrierGonnord-SAS2010-exmini.c:         0.31 real         0.40 user         1.04 sys
[debug] ./sv-benchmarks-main/c/termination-crafted-lit/AliasDarteFeautrierGonnord-SAS2010-nestedLoop-1.c:         5.34 real         5.41 user         0.93 sys
[debug] ./sv-benchmarks-main/c/termination-crafted-lit/PodelskiRybalchenko-TACAS2011-Fig3.c:         0.32 real         0.40 user         1.07 sys
[debug] ./sv-benchmarks-main/c/termination-crafted-lit/ChawdharyCookGulwaniSagivYang-ESOP2008-random1d.c:         9.33 real         7.09 user         2.98 sys
[debug] ./sv-benchmarks-main/c/termination-crafted-lit/PodelskiRybalchenko-TACAS2011-Fig2.c:         5.27 real         5.36 user         0.97 sys
[debug] ./sv-benchmarks-main/c/termination-crafted-lit/ChenFlurMukhopadhyay-SAS2012-Ex2.02.c:         0.29 real         0.41 user         0.98 sys
[debug] ./sv-benchmarks-main/c/termination-crafted-lit/ChenFlurMukhopadhyay-SAS2012-Ex2.16.c:         0.32 real         0.44 user         1.20 sys
[debug] ./sv-benchmarks-main/c/termination-crafted-lit/HeizmannHoenickeLeikePodelski-ATVA2013-Fig7.c:         0.35 real         0.51 user         0.91 sys
[debug] ./sv-benchmarks-main/c/termination-numeric/java_LogBuiltIn.c:         0.80 real         0.90 user         0.95 sys
[debug] ./sv-benchmarks-main/c/termination-numeric/Binomial.c:         0.39 real         0.47 user         0.89 sys
[debug] ./sv-benchmarks-main/c/termination-numeric/rec_counter3.c:         6.15 real         6.27 user         1.02 sys
[debug] ./sv-benchmarks-main/c/termination-numeric/rec_counter1.c:         6.09 real         6.12 user         0.93 sys
[debug] ./sv-benchmarks-main/c/termination-numeric/recHanoi02-1.c:         0.74 real         0.83 user         0.96 sys
[debug] ./sv-benchmarks-main/c/termination-numeric/Ackermann01-1.c:         5.26 real         5.34 user         1.02 sys
[debug] ./sv-benchmarks-main/c/termination-numeric/Et4_true.c:         0.63 real         0.74 user         1.10 sys
[debug] ./sv-benchmarks-main/c/termination-numeric/LogRecursive.c:         5.39 real         5.48 user         1.03 sys
[debug] ./sv-benchmarks-main/c/termination-numeric/Et3_true.c:         0.36 real         0.44 user         1.21 sys
[debug] ./sv-benchmarks-main/c/termination-numeric/Et2_true.c:         5.34 real         5.42 user         0.88 sys
[debug] ./sv-benchmarks-main/c/termination-numeric/LeUserDefRec.c:         5.41 real         5.55 user         1.11 sys
[debug] ./sv-benchmarks-main/c/termination-numeric/Parts.c:         5.54 real         5.57 user         0.92 sys
[debug] ./sv-benchmarks-main/c/termination-numeric/Avg_true.c:         0.35 real         0.44 user         0.83 sys
[debug] ./sv-benchmarks-main/c/termination-numeric/gcd01-2.c:         7.13 real         7.25 user         0.85 sys
[debug] ./sv-benchmarks-main/c/termination-numeric/twisted.c:         5.31 real         5.32 user         1.20 sys
[debug] ./sv-benchmarks-main/c/termination-numeric/MultCommutative-1.c:         0.43 real         0.58 user         0.90 sys
[debug] ./sv-benchmarks-main/c/termination-numeric/TerminatorRec02.c:         5.47 real         5.54 user         0.92 sys
[debug] ./sv-benchmarks-main/c/termination-numeric/Addition01-1.c:         0.33 real         0.43 user         1.18 sys
[debug] ./sv-benchmarks-main/c/termination-numeric/Fibonacci01-2.c:         5.25 real         5.37 user         0.93 sys
[debug] ./sv-benchmarks-main/c/termination-numeric/EvenOdd01-2.c:         5.37 real         5.47 user         0.97 sys
[debug] ./sv-benchmarks-main/c/termination-numeric/TwoWay.c:         5.51 real         5.65 user         0.94 sys
[debug] ./sv-benchmarks-main/c/termination-numeric/Et1_true.c:         0.37 real         0.47 user         0.90 sys
[debug] ./sv-benchmarks-main/c/recursive/recHanoi02-2.c: [debug] ./sv-benchmarks-main/c/recursive-simple/id_o200.c: [debug] ./sv-benchmarks-main/c/bitvector/soft_float_4-3a.c.cil.c: [debug] ./sv-benchmarks-main/c/psyco/psyco_accelerometer_1.c: [debug] ./sv-benchmarks-main/c/loop-zilu/benchmark22_conjunctive.i: [debug] ./sv-benchmarks-main/c/goblint-regression/28-race_reach_28-funptr_racefree.i: [debug] ./sv-benchmarks-main/c/recursive/recHanoi02-2.c: [debug] ./sv-benchmarks-main/c/recursive-simple/id_o200.c: [debug] ./sv-benchmarks-main/c/bitvector/soft_float_4-3a.c.cil.c: [debug] ./sv-benchmarks-main/c/psyco/psyco_accelerometer_1.c: [debug] ./sv-benchmarks-main/c/loop-zilu/benchmark22_conjunctive.i: [debug] ./sv-benchmarks-main/c/goblint-regression/28-race_reach_28-funptr_racefree.i: [debug] ./sv-benchmarks-main/c/recursive/recHanoi02-2.c: [debug] ./sv-benchmarks-main/c/recursive-simple/id_o200.c: [debug] ./sv-benchmarks-main/c/bitvector/soft_float_4-3a.c.cil.c: [debug] ./sv-benchmarks-main/c/psyco/psyco_accelerometer_1.c: [debug] ./sv-benchmarks-main/c/loop-zilu/benchmark22_conjunctive.i: [debug] ./sv-benchmarks-main/c/goblint-regression/28-race_reach_28-funptr_racefree.i: [debug] ./sv-benchmarks-main/c/recursive/recHanoi02-2.c: [debug] ./sv-benchmarks-main/c/recursive/Ackermann01-2.c: [debug] ./sv-benchmarks-main/c/recursive/EvenOdd03.c: [debug] ./sv-benchmarks-main/c/recursive/recHanoi03-2.c: [debug] ./sv-benchmarks-main/c/recursive/BallRajamani-SPIN2000-Fig1.c: [debug] ./sv-benchmarks-main/c/recursive/gcd01-1.c: [debug] ./sv-benchmarks-main/c/recursive/EvenOdd03WithOverflowBug.c: [debug] ./sv-benchmarks-main/c/recursive/Ackermann03.c: [debug] ./sv-benchmarks-main/c/recursive/Ackermann02.c: [debug] ./sv-benchmarks-main/c/recursive/Primes.c: [debug] ./sv-benchmarks-main/c/recursive/MultCommutative-2.c: [debug] ./sv-benchmarks-main/c/recursive/Ackermann04.c: [debug] ./sv-benchmarks-main/c/recursive/Addition03-1.c: [debug] ./sv-benchmarks-main/c/recursive/recHanoi01.c: [debug] ./sv-benchmarks-main/c/recursive/Fibonacci04.c: [debug] ./sv-benchmarks-main/c/recursive/McCarthy91-1.c: [debug] ./sv-benchmarks-main/c/recursive/Fibonacci05.c: [debug] ./sv-benchmarks-main/c/recursive/Addition01-2.c: [debug] ./sv-benchmarks-main/c/recursive/Fibonacci01-1.c: [debug] ./sv-benchmarks-main/c/recursive/Addition03-2.c: [debug] ./sv-benchmarks-main/c/recursive/Addition02.c: [debug] ./sv-benchmarks-main/c/recursive/McCarthy91-2.c: [debug] ./sv-benchmarks-main/c/recursive/Fibonacci02.c: [debug] ./sv-benchmarks-main/c/recursive/Fibonacci03.c: [debug] ./sv-benchmarks-main/c/recursive/gcd02.c: [debug] ./sv-benchmarks-main/c/recursive/EvenOdd01-1.c: [debug] ./sv-benchmarks-main/c/recursive/Addition02WithOverflowBug.c: [debug] ./sv-benchmarks-main/c/recursive-simple/id_o200.c: [debug] ./sv-benchmarks-main/c/recursive-simple/sum_non.c: [debug] ./sv-benchmarks-main/c/recursive-simple/sum_25x0-1.c: [debug] ./sv-benchmarks-main/c/recursive-simple/id_i5_o5-1.c: [debug] ./sv-benchmarks-main/c/recursive-simple/sum_25x0-2.c: [debug] ./sv-benchmarks-main/c/recursive-simple/id_i5_o5-2.c: [debug] ./sv-benchmarks-main/c/recursive-simple/id2_b2_o3.c: [debug] ./sv-benchmarks-main/c/recursive-simple/fibo_2calls_15-1.c: [debug] ./sv-benchmarks-main/c/recursive-simple/fibo_2calls_5-2.c: [debug] ./sv-benchmarks-main/c/recursive-simple/fibo_15-2.c: [debug] ./sv-benchmarks-main/c/recursive-simple/id_b3_o2-1.c: [debug] ./sv-benchmarks-main/c/recursive-simple/id_i10_o10-2.c: [debug] ./sv-benchmarks-main/c/recursive-simple/afterrec-2.c: [debug] ./sv-benchmarks-main/c/recursive-simple/id_b5_o10-1.c: [debug] ./sv-benchmarks-main/c/recursive-simple/fibo_2calls_15-2.c: [debug] ./sv-benchmarks-main/c/recursive-simple/fibo_2calls_5-1.c: [debug] ./sv-benchmarks-main/c/recursive-simple/fibo_15-1.c: [debug] ./sv-benchmarks-main/c/recursive-simple/id_o10.c: [debug] ./sv-benchmarks-main/c/recursive-simple/id_b3_o2-2.c: [debug] ./sv-benchmarks-main/c/recursive-simple/id_i10_o10-1.c: [debug] ./sv-benchmarks-main/c/recursive-simple/afterrec-1.c: [debug] ./sv-benchmarks-main/c/recursive-simple/id_o3.c: [debug] ./sv-benchmarks-main/c/recursive-simple/id_b5_o10-2.c: [debug] ./sv-benchmarks-main/c/recursive-simple/fibo_2calls_2-1.c: [debug] ./sv-benchmarks-main/c/recursive-simple/sum_10x0-1.c: [debug] ./sv-benchmarks-main/c/recursive-simple/id_b3_o5-2.c: [debug] ./sv-benchmarks-main/c/recursive-simple/id_o100.c: [debug] ./sv-benchmarks-main/c/recursive-simple/id2_i5_o5-2.c: [debug] ./sv-benchmarks-main/c/recursive-simple/fibo_2calls_10-1.c: [debug] ./sv-benchmarks-main/c/recursive-simple/fibo_10-2.c: [debug] ./sv-benchmarks-main/c/recursive-simple/fibo_2calls_2-2.c: [debug] ./sv-benchmarks-main/c/recursive-simple/sum_10x0-2.c: [debug] ./sv-benchmarks-main/c/recursive-simple/id_b3_o5-1.c: [debug] ./sv-benchmarks-main/c/recursive-simple/id2_i5_o5-1.c: [debug] ./sv-benchmarks-main/c/recursive-simple/fibo_2calls_10-2.c: [debug] ./sv-benchmarks-main/c/recursive-simple/fibo_10-1.c: [debug] ./sv-benchmarks-main/c/recursive-simple/id2_b5_o10.c: [debug] ./sv-benchmarks-main/c/recursive-simple/sum_non_eq-3.c: [debug] ./sv-benchmarks-main/c/recursive-simple/sum_2x3-2.c: [debug] ./sv-benchmarks-main/c/recursive-simple/fibo_2calls_4-1.c: [debug] ./sv-benchmarks-main/c/recursive-simple/id_i20_o20-2.c: [debug] ./sv-benchmarks-main/c/recursive-simple/fibo_2calls_6-2.c: [debug] ./sv-benchmarks-main/c/recursive-simple/sum_non_eq-2.c: [debug] ./sv-benchmarks-main/c/recursive-simple/sum_2x3-1.c: [debug] ./sv-benchmarks-main/c/recursive-simple/fibo_2calls_4-2.c: [debug] ./sv-benchmarks-main/c/recursive-simple/id_i20_o20-1.c: [debug] ./sv-benchmarks-main/c/recursive-simple/fibo_2calls_6-1.c: [debug] ./sv-benchmarks-main/c/recursive-simple/sum_non_eq-1.c: [debug] ./sv-benchmarks-main/c/recursive-simple/fibo_5-2.c: [debug] ./sv-benchmarks-main/c/recursive-simple/id2_b3_o2.c: [debug] ./sv-benchmarks-main/c/recursive-simple/fibo_2calls_8-2.c: [debug] ./sv-benchmarks-main/c/recursive-simple/fibo_7-1.c: [debug] ./sv-benchmarks-main/c/recursive-simple/fibo_2calls_25-1.c: [debug] ./sv-benchmarks-main/c/recursive-simple/fibo_25-2.c: [debug] ./sv-benchmarks-main/c/recursive-simple/id_b2_o3.c: [debug] ./sv-benchmarks-main/c/recursive-simple/fibo_5-1.c: [debug] ./sv-benchmarks-main/c/recursive-simple/fibo_2calls_8-1.c: [debug] ./sv-benchmarks-main/c/recursive-simple/fibo_7-2.c: [debug] ./sv-benchmarks-main/c/recursive-simple/fibo_2calls_25-2.c: [debug] ./sv-benchmarks-main/c/recursive-simple/fibo_25-1.c: [debug] ./sv-benchmarks-main/c/recursive-simple/id2_b3_o5.c: [debug] ./sv-benchmarks-main/c/recursive-simple/sum_15x0-2.c: [debug] ./sv-benchmarks-main/c/recursive-simple/id_i15_o15-2.c: [debug] ./sv-benchmarks-main/c/recursive-simple/sum_15x0-1.c: [debug] ./sv-benchmarks-main/c/recursive-simple/id_i15_o15-1.c: [debug] ./sv-benchmarks-main/c/recursive-simple/id_o20.c: [debug] ./sv-benchmarks-main/c/recursive-simple/fibo_2calls_20-1.c: [debug] ./sv-benchmarks-main/c/recursive-simple/fibo_20-2.c: [debug] ./sv-benchmarks-main/c/recursive-simple/sum_20x0-2.c: [debug] ./sv-benchmarks-main/c/recursive-simple/afterrec_2calls-2.c: [debug] ./sv-benchmarks-main/c/recursive-simple/id_i25_o25-2.c: [debug] ./sv-benchmarks-main/c/recursive-simple/fibo_2calls_20-2.c: [debug] ./sv-benchmarks-main/c/recursive-simple/fibo_20-1.c: [debug] ./sv-benchmarks-main/c/recursive-simple/sum_20x0-1.c: [debug] ./sv-benchmarks-main/c/recursive-simple/afterrec_2calls-1.c: [debug] ./sv-benchmarks-main/c/recursive-simple/id_o1000.c: [debug] ./sv-benchmarks-main/c/recursive-simple/id_i25_o25-1.c: [debug] ./sv-benchmarks-main/c/bitvector/soft_float_4-3a.c.cil.c: [debug] ./sv-benchmarks-main/c/bitvector/gcd_4.c: [debug] ./sv-benchmarks-main/c/bitvector/soft_float_5a.c.cil.c: [debug] ./sv-benchmarks-main/c/bitvector/sum02-1.c: [debug] ./sv-benchmarks-main/c/bitvector/sum02-2.c: [debug] ./sv-benchmarks-main/c/bitvector/s3_clnt_1.BV.c.cil-2a.c: [debug] ./sv-benchmarks-main/c/bitvector/s3_srvr_3.BV.c.cil.c: [debug] ./sv-benchmarks-main/c/bitvector/gcd_2.c: [debug] ./sv-benchmarks-main/c/bitvector/s3_clnt_3.BV.c.cil-1a.c: [debug] ./sv-benchmarks-main/c/bitvector/gcd_3.c: [debug] ./sv-benchmarks-main/c/bitvector/byte_add_1-1.i: [debug] ./sv-benchmarks-main/c/bitvector/gcd_1.c: [debug] ./sv-benchmarks-main/c/bitvector/s3_srvr_2_alt.BV.c.cil.c: [debug] ./sv-benchmarks-main/c/bitvector/s3_srvr_2.BV.c.cil.c: [debug] ./sv-benchmarks-main/c/bitvector/byte_add_1-2.i: [debug] ./sv-benchmarks-main/c/bitvector/s3_clnt_2.BV.c.cil-1a.c: [debug] ./sv-benchmarks-main/c/bitvector/soft_float_1-2a.c.cil.c: [debug] ./sv-benchmarks-main/c/bitvector/s3_srvr_3a.BV.c.cil.c: [debug] ./sv-benchmarks-main/c/bitvector/num_conversion_2.c: [debug] ./sv-benchmarks-main/c/bitvector/num_conversion_1.c: [debug] ./sv-benchmarks-main/c/bitvector/soft_float_1-1.c.cil.c: [debug] ./sv-benchmarks-main/c/bitvector/byte_add_2-1.i: [debug] ./sv-benchmarks-main/c/bitvector/soft_float_4-1.c.cil.c: [debug] ./sv-benchmarks-main/c/bitvector/byte_add_2-2.i: [debug] ./sv-benchmarks-main/c/bitvector/s3_srvr_3_alt.BV.c.cil.c: [debug] ./sv-benchmarks-main/c/bitvector/soft_float_2a.c.cil.c: [debug] ./sv-benchmarks-main/c/bitvector/jain_2-1.c: [debug] ./sv-benchmarks-main/c/bitvector/modulus-2.i: [debug] ./sv-benchmarks-main/c/bitvector/byte_add-1.i: [debug] ./sv-benchmarks-main/c/bitvector/interleave_bits.i: [debug] ./sv-benchmarks-main/c/bitvector/jain_2-2.c: [debug] ./sv-benchmarks-main/c/bitvector/s3_srvr_2a_alt.BV.c.cil.c: [debug] ./sv-benchmarks-main/c/bitvector/modulus-1.i: [debug] ./sv-benchmarks-main/c/bitvector/byte_add-2.i: [debug] ./sv-benchmarks-main/c/bitvector/soft_float_1-2.c.cil.c: [debug] ./sv-benchmarks-main/c/bitvector/s3_srvr_1a.BV.c.cil.c: [debug] ./sv-benchmarks-main/c/bitvector/s3_clnt_1.BV.c.cil-1.c: [debug] ./sv-benchmarks-main/c/bitvector/soft_float_4-2.c.cil.c: [debug] ./sv-benchmarks-main/c/bitvector/jain_4-1.c: [debug] ./sv-benchmarks-main/c/bitvector/soft_float_4-2a.c.cil.c: [debug] ./sv-benchmarks-main/c/bitvector/jain_6-2.c: [debug] ./sv-benchmarks-main/c/bitvector/s3_srvr_2a.BV.c.cil.c: [debug] ./sv-benchmarks-main/c/bitvector/s3_srvr_3a_alt.BV.c.cil.c: [debug] ./sv-benchmarks-main/c/bitvector/s3_clnt_1.BV.c.cil-2.c: [debug] ./sv-benchmarks-main/c/bitvector/s3_clnt_2.BV.c.cil-2a.c: [debug] ./sv-benchmarks-main/c/bitvector/jain_4-2.c: [debug] ./sv-benchmarks-main/c/bitvector/soft_float_2.c.cil.c: [debug] ./sv-benchmarks-main/c/bitvector/jain_6-1.c: [debug] ./sv-benchmarks-main/c/bitvector/s3_clnt_3.BV.c.cil-2.c: [debug] ./sv-benchmarks-main/c/bitvector/jain_1-1.c: [debug] ./sv-benchmarks-main/c/bitvector/soft_float_1-3.c.cil.c: [debug] ./sv-benchmarks-main/c/bitvector/s3_clnt_3.BV.c.cil-2a.c: [debug] ./sv-benchmarks-main/c/bitvector/soft_float_5.c.cil.c: [debug] ./sv-benchmarks-main/c/bitvector/s3_clnt_3.BV.c.cil-1.c: [debug] ./sv-benchmarks-main/c/bitvector/jain_1-2.c: [debug] ./sv-benchmarks-main/c/bitvector/soft_float_3a.c.cil.c: [debug] ./sv-benchmarks-main/c/bitvector/jain_5-2.c: [debug] ./sv-benchmarks-main/c/bitvector/soft_float_4-3.c.cil.c: [debug] ./sv-benchmarks-main/c/bitvector/s3_srvr_1_alt.BV.c.cil.c: [debug] ./sv-benchmarks-main/c/bitvector/soft_float_1-3a.c.cil.c: [debug] ./sv-benchmarks-main/c/bitvector/parity.i: [debug] ./sv-benchmarks-main/c/bitvector/s3_clnt_1.BV.c.cil-1a.c: [debug] ./sv-benchmarks-main/c/bitvector/s3_clnt_2.BV.c.cil-1.c: [debug] ./sv-benchmarks-main/c/bitvector/jain_7-1.c: [debug] ./sv-benchmarks-main/c/bitvector/jain_5-1.c: [debug] ./sv-benchmarks-main/c/bitvector/s3_srvr_1a_alt.BV.c.cil.c: [debug] ./sv-benchmarks-main/c/bitvector/s3_srvr_1.BV.c.cil.c: [debug] ./sv-benchmarks-main/c/bitvector/s3_clnt_2.BV.c.cil-2.c: [debug] ./sv-benchmarks-main/c/bitvector/soft_float_3.c.cil.c: [debug] ./sv-benchmarks-main/c/bitvector/jain_7-2.c: [debug] ./sv-benchmarks-main/c/psyco/psyco_accelerometer_1.c: [debug] ./sv-benchmarks-main/c/psyco/psyco_net_1.c: [debug] ./sv-benchmarks-main/c/psyco/psyco_math_1.c: [debug] ./sv-benchmarks-main/c/psyco/psyco_abp_1-2.c: [debug] ./sv-benchmarks-main/c/psyco/psyco_cev_2.c: [debug] ./sv-benchmarks-main/c/psyco/psyco_cev_3.c: [debug] ./sv-benchmarks-main/c/psyco/psyco_abp_1-3.c: [debug] ./sv-benchmarks-main/c/psyco/psyco_abp_1-1.c: [debug] ./sv-benchmarks-main/c/psyco/psyco_cev_1.c: [debug] ./sv-benchmarks-main/c/psyco/psyco_security.c: [debug] ./sv-benchmarks-main/c/psyco/psyco_io_1.c: [debug] ./sv-benchmarks-main/c/loop-zilu/benchmark22_conjunctive.i: [debug] ./sv-benchmarks-main/c/loop-zilu/benchmark41_conjunctive.i: [debug] ./sv-benchmarks-main/c/loop-zilu/benchmark48_linear.i: [debug] ./sv-benchmarks-main/c/loop-zilu/benchmark06_conjunctive.i: [debug] ./sv-benchmarks-main/c/loop-zilu/benchmark09_conjunctive.i: [debug] ./sv-benchmarks-main/c/loop-zilu/benchmark34_conjunctive.i: [debug] ./sv-benchmarks-main/c/loop-zilu/benchmark10_conjunctive.i: [debug] ./sv-benchmarks-main/c/loop-zilu/benchmark27_linear.i: [debug] ./sv-benchmarks-main/c/loop-zilu/benchmark44_disjunctive.i: [debug] ./sv-benchmarks-main/c/loop-zilu/benchmark17_conjunctive.i: [debug] ./sv-benchmarks-main/c/loop-zilu/benchmark01_conjunctive.i: [debug] ./sv-benchmarks-main/c/loop-zilu/benchmark33_linear.i: [debug] ./sv-benchmarks-main/c/loop-zilu/benchmark31_disjunctive.i: [debug] ./sv-benchmarks-main/c/loop-zilu/benchmark18_conjunctive.i: [debug] ./sv-benchmarks-main/c/loop-zilu/benchmark28_linear.i: [debug] ./sv-benchmarks-main/c/loop-zilu/benchmark16_conjunctive.i: [debug] ./sv-benchmarks-main/c/loop-zilu/benchmark45_disjunctive.i: [debug] ./sv-benchmarks-main/c/loop-zilu/benchmark03_linear.i: [debug] ./sv-benchmarks-main/c/loop-zilu/benchmark47_linear.i: [debug] ./sv-benchmarks-main/c/loop-zilu/benchmark25_linear.i: [debug] ./sv-benchmarks-main/c/loop-zilu/benchmark12_linear.i: [debug] ./sv-benchmarks-main/c/loop-zilu/benchmark19_conjunctive.i: [debug] ./sv-benchmarks-main/c/loop-zilu/benchmark24_conjunctive.i: [debug] ./sv-benchmarks-main/c/loop-zilu/benchmark23_conjunctive.i: [debug] ./sv-benchmarks-main/c/loop-zilu/benchmark08_conjunctive.i: [debug] ./sv-benchmarks-main/c/loop-zilu/benchmark21_disjunctive.i: [debug] ./sv-benchmarks-main/c/loop-zilu/benchmark30_conjunctive.i: [debug] ./sv-benchmarks-main/c/loop-zilu/benchmark14_linear.i: [debug] ./sv-benchmarks-main/c/loop-zilu/benchmark32_linear.i: [debug] ./sv-benchmarks-main/c/loop-zilu/benchmark50_linear.i: [debug] ./sv-benchmarks-main/c/loop-zilu/benchmark05_conjunctive.i: [debug] ./sv-benchmarks-main/c/loop-zilu/benchmark38_conjunctive.i: [debug] ./sv-benchmarks-main/c/loop-zilu/benchmark42_conjunctive.i: [debug] ./sv-benchmarks-main/c/loop-zilu/benchmark49_linear.i: [debug] ./sv-benchmarks-main/c/loop-zilu/benchmark13_conjunctive.i: [debug] ./sv-benchmarks-main/c/loop-zilu/benchmark37_conjunctive.i: [debug] ./sv-benchmarks-main/c/loop-zilu/benchmark11_linear.i: [debug] ./sv-benchmarks-main/c/loop-zilu/benchmark26_linear.i: [debug] ./sv-benchmarks-main/c/loop-zilu/benchmark51_polynomial.i: [debug] ./sv-benchmarks-main/c/loop-zilu/benchmark43_conjunctive.i: [debug] ./sv-benchmarks-main/c/loop-zilu/benchmark04_conjunctive.i: [debug] ./sv-benchmarks-main/c/loop-zilu/benchmark39_conjunctive.i: [debug] ./sv-benchmarks-main/c/loop-zilu/benchmark20_conjunctive.i: [debug] ./sv-benchmarks-main/c/loop-zilu/benchmark53_polynomial.i: [debug] ./sv-benchmarks-main/c/loop-zilu/benchmark07_linear.i: [debug] ./sv-benchmarks-main/c/loop-zilu/benchmark36_conjunctive.i: [debug] ./sv-benchmarks-main/c/loop-zilu/benchmark40_polynomial.i: [debug] ./sv-benchmarks-main/c/loop-zilu/benchmark29_linear.i: [debug] ./sv-benchmarks-main/c/loop-zilu/benchmark46_disjunctive.i: [debug] ./sv-benchmarks-main/c/loop-zilu/benchmark02_linear.i: [debug] ./sv-benchmarks-main/c/loop-zilu/benchmark15_conjunctive.i: [debug] ./sv-benchmarks-main/c/loop-zilu/benchmark35_linear.i: [debug] ./sv-benchmarks-main/c/loop-zilu/benchmark52_polynomial.i: [debug] ./sv-benchmarks-main/c/goblint-regression/28-race_reach_28-funptr_racefree.i: [debug] ./sv-benchmarks-main/c/goblint-regression/06-symbeq_03-funloop_simple.i: [debug] ./sv-benchmarks-main/c/goblint-regression/09-regions_26-alloc_region_rc.i: [debug] ./sv-benchmarks-main/c/goblint-regression/28-race_reach_12-ptr_racefree.i: [debug] ./sv-benchmarks-main/c/goblint-regression/05-lval_ls_15-fldunknown_access.i: [debug] ./sv-benchmarks-main/c/goblint-regression/28-race_reach_01-simple_racing.i: [debug] ./sv-benchmarks-main/c/goblint-regression/05-lval_ls_04-fld_nr.i: [debug] ./sv-benchmarks-main/c/goblint-regression/28-race_reach_03-munge_racing.i: [debug] ./sv-benchmarks-main/c/goblint-regression/28-race_reach_91-arrayloop2_racefree.i: [debug] ./sv-benchmarks-main/c/goblint-regression/28-race_reach_51-mutexptr_racefree.i: [debug] ./sv-benchmarks-main/c/goblint-regression/04-mutex_21-sound_base.i: [debug] ./sv-benchmarks-main/c/goblint-regression/13-privatized_32-traces-mine-vs-oplus-vs-meet_true.i: [debug] ./sv-benchmarks-main/c/goblint-regression/05-lval_ls_16-idxunknown_unlock.i: [debug] ./sv-benchmarks-main/c/goblint-regression/06-symbeq_08-tricky_address3.i: [debug] ./sv-benchmarks-main/c/goblint-regression/28-race_reach_08-cond_racefree.i: [debug] ./sv-benchmarks-main/c/goblint-regression/28-race_reach_09-ptrmunge_racing.i: [debug] ./sv-benchmarks-main/c/goblint-regression/04-mutex_10-ptrmunge_nr.i: [debug] ./sv-benchmarks-main/c/goblint-regression/28-race_reach_84-list2_racing2.i: [debug] ./sv-benchmarks-main/c/goblint-regression/28-race_reach_73-funloop_hard_racefree.i: [debug] ./sv-benchmarks-main/c/goblint-regression/10-synch_01-thread_unique.i: [debug] ./sv-benchmarks-main/c/goblint-regression/28-race_reach_27-funptr_racing.i: [debug] ./sv-benchmarks-main/c/goblint-regression/28-race_reach_06-cond_racing1.i: [debug] ./sv-benchmarks-main/c/goblint-regression/04-mutex_23-sound_unlock.i: [debug] ./sv-benchmarks-main/c/goblint-regression/09-regions_22-nocollapse.i: [debug] ./sv-benchmarks-main/c/goblint-regression/28-race_reach_74-tricky_address1_racefree.i: [debug] ./sv-benchmarks-main/c/goblint-regression/13-privatized_18-first-reads_unknown_1_neg.i: [debug] ./sv-benchmarks-main/c/goblint-regression/02-base_24-malloc_races.i: [debug] ./sv-benchmarks-main/c/goblint-regression/28-race_reach_76-tricky_address3_racefree.i: [debug] ./sv-benchmarks-main/c/goblint-regression/13-privatized_18-first-reads_unknown_1_pos.i: [debug] ./sv-benchmarks-main/c/goblint-regression/06-symbeq_15-list_entry_nr.i: [debug] ./sv-benchmarks-main/c/goblint-regression/28-race_reach_60-invariant_racefree.i: [debug] ./sv-benchmarks-main/c/goblint-regression/28-race_reach_87-lists_racefree.i: [debug] ./sv-benchmarks-main/c/goblint-regression/13-privatized_30-traces-oplus-vs-meet_true.i: [debug] ./sv-benchmarks-main/c/goblint-regression/05-lval_ls_01-idx_rc.i: [debug] ./sv-benchmarks-main/c/goblint-regression/28-race_reach_23-sound_unlock_racing.i: [debug] ./sv-benchmarks-main/c/goblint-regression/04-mutex_15-funarg_nr.i: [debug] ./sv-benchmarks-main/c/goblint-regression/06-symbeq_13-equ_proc_nr.i: [debug] ./sv-benchmarks-main/c/goblint-regression/28-race_reach_85-list2_racefree.i: [debug] ./sv-benchmarks-main/c/goblint-regression/28-race_reach_72-funloop_hard_racing.i: [debug] ./sv-benchmarks-main/c/goblint-regression/28-race_reach_70-funloop_racefree.i: [debug] ./sv-benchmarks-main/c/goblint-regression/06-symbeq_09-tricky_address4.i: [debug] ./sv-benchmarks-main/c/goblint-regression/28-race_reach_86-lists_racing.i: [debug] ./sv-benchmarks-main/c/goblint-regression/04-mutex_45-escape_rc.i: [debug] ./sv-benchmarks-main/c/goblint-regression/13-privatized_46-refine-protected1_true.i: [debug] ./sv-benchmarks-main/c/goblint-regression/04-mutex_12-ptr_nr.i: [debug] ./sv-benchmarks-main/c/goblint-regression/13-privatized_25-struct_nr_true.i: [debug] ./sv-benchmarks-main/c/goblint-regression/09-regions_17-arrayloop_nr.i: [debug] ./sv-benchmarks-main/c/goblint-regression/28-race_reach_75-tricky_address2_racefree.i: [debug] ./sv-benchmarks-main/c/goblint-regression/04-mutex_16-ps_add1_rc.i: [debug] ./sv-benchmarks-main/c/goblint-regression/13-privatized_19-publish-precision_true.i: [debug] ./sv-benchmarks-main/c/goblint-regression/13-privatized_33-traces-v-matters_true.i: [debug] ./sv-benchmarks-main/c/goblint-regression/06-symbeq_02-funloop_norace.i: [debug] ./sv-benchmarks-main/c/goblint-regression/13-privatized_40-traces-ex-6_true.i: [debug] ./sv-benchmarks-main/c/goblint-regression/13-privatized_18-first-reads_true.i: [debug] ./sv-benchmarks-main/c/goblint-regression/28-race_reach_79-equ_racefree.i: [debug] ./sv-benchmarks-main/c/goblint-regression/04-mutex_54-pt_rwlock_ww.i: [debug] ./sv-benchmarks-main/c/goblint-regression/28-race_reach_07-cond_racing2.i: [debug] ./sv-benchmarks-main/c/goblint-regression/02-base_25-malloc_race_cp.i: [debug] ./sv-benchmarks-main/c/goblint-regression/13-privatized_66-mine-W-init_true.i: [debug] ./sv-benchmarks-main/c/goblint-regression/04-mutex_11-ptr_rc.i: [debug] ./sv-benchmarks-main/c/goblint-regression/28-race_reach_21-deref_read_racing.i: [debug] ./sv-benchmarks-main/c/goblint-regression/13-privatized_18-first-reads_unknown_2_neg.i: [debug] ./sv-benchmarks-main/c/goblint-regression/03-practical_15-exit_problems.i: 